mode: set
github.com/MarynaMarkova/Go-bookings/cmd/web/main.go:22.13,24.16 2 0
github.com/MarynaMarkova/Go-bookings/cmd/web/main.go:24.16,26.3 1 0
github.com/MarynaMarkova/Go-bookings/cmd/web/main.go:28.2,36.16 4 0
github.com/MarynaMarkova/Go-bookings/cmd/web/main.go:36.16,38.3 1 0
github.com/MarynaMarkova/Go-bookings/cmd/web/main.go:41.18,58.16 10 1
github.com/MarynaMarkova/Go-bookings/cmd/web/main.go:58.16,61.3 2 0
github.com/MarynaMarkova/Go-bookings/cmd/web/main.go:63.2,70.12 6 1
github.com/MarynaMarkova/Go-bookings/cmd/web/middleware.go:10.45,20.2 3 1
github.com/MarynaMarkova/Go-bookings/cmd/web/middleware.go:23.50,26.2 1 1
github.com/MarynaMarkova/Go-bookings/cmd/web/routes.go:12.49,36.2 18 1
